2021-06-03 19:20:36 INFO     model_name          :ComplEx
2021-06-03 19:20:36 INFO     data_path           :data
2021-06-03 19:20:36 INFO     dataset             :wikikg90m
2021-06-03 19:20:36 INFO     format              :built_in
2021-06-03 19:20:36 INFO     data_files          :None
2021-06-03 19:20:36 INFO     delimiter           :	
2021-06-03 19:20:36 INFO     save_path           :./savedata/ComplEx_wikikg90m_concat_d_100_g_3.03
2021-06-03 19:20:36 INFO     no_save_emb         :True
2021-06-03 19:20:36 INFO     max_step            :1000000
2021-06-03 19:20:36 INFO     batch_size          :400
2021-06-03 19:20:36 INFO     batch_size_eval     :50
2021-06-03 19:20:36 INFO     neg_sample_size     :100
2021-06-03 19:20:36 INFO     neg_deg_sample      :False
2021-06-03 19:20:36 INFO     neg_deg_sample_eval :False
2021-06-03 19:20:36 INFO     neg_sample_size_eval:1000
2021-06-03 19:20:36 INFO     eval_percent        :1
2021-06-03 19:20:36 INFO     no_eval_filter      :False
2021-06-03 19:20:36 INFO     log_interval        :1000
2021-06-03 19:20:36 INFO     eval_interval       :50000
2021-06-03 19:20:36 INFO     test                :True
2021-06-03 19:20:36 INFO     num_proc            :4
2021-06-03 19:20:36 INFO     num_thread          :4
2021-06-03 19:20:36 INFO     force_sync_interval :1000
2021-06-03 19:20:36 INFO     hidden_dim          :100
2021-06-03 19:20:36 INFO     lr                  :0.1
2021-06-03 19:20:36 INFO     gamma               :3.0
2021-06-03 19:20:36 INFO     double_ent          :True
2021-06-03 19:20:36 INFO     double_rel          :True
2021-06-03 19:20:36 INFO     neg_adversarial_sampling:True
2021-06-03 19:20:36 INFO     adversarial_temperature:1.0
2021-06-03 19:20:36 INFO     regularization_coef :1e-09
2021-06-03 19:20:36 INFO     regularization_norm :3
2021-06-03 19:20:36 INFO     pairwise            :False
2021-06-03 19:20:36 INFO     loss_genre          :Logsigmoid
2021-06-03 19:20:36 INFO     margin              :1.0
2021-06-03 19:20:36 INFO     gpu                 :[0, 1, 2, 3]
2021-06-03 19:20:36 INFO     mix_cpu_gpu         :True
2021-06-03 19:20:36 INFO     valid               :True
2021-06-03 19:20:36 INFO     rel_part            :False
2021-06-03 19:20:36 INFO     async_update        :True
2021-06-03 19:20:36 INFO     has_edge_importance :False
2021-06-03 19:20:36 INFO     print_on_screen     :True
2021-06-03 19:20:36 INFO     encoder_model_name  :concat
2021-06-03 19:20:36 INFO     mlp_lr              :0.0001
2021-06-03 19:20:36 INFO     seed                :0
2021-06-03 19:20:36 INFO     eval_filter         :True
2021-06-03 19:20:36 INFO     soft_rel_part       :False
2021-06-03 19:20:36 INFO     strict_rel_part     :False
2021-06-03 19:20:36 INFO     num_workers         :8
2021-06-03 19:20:36 INFO     num_test_proc       :4
2021-06-03 19:20:36 INFO     model_name          :ComplEx
2021-06-03 19:20:36 INFO     data_path           :data
2021-06-03 19:20:36 INFO     dataset             :wikikg90m
2021-06-03 19:20:36 INFO     format              :built_in
2021-06-03 19:20:36 INFO     data_files          :None
2021-06-03 19:20:36 INFO     delimiter           :	
2021-06-03 19:20:36 INFO     save_path           :./savedata/ComplEx_wikikg90m_concat_d_100_g_3.03
2021-06-03 19:20:36 INFO     no_save_emb         :True
2021-06-03 19:20:36 INFO     max_step            :1000000
2021-06-03 19:20:36 INFO     batch_size          :400
2021-06-03 19:20:36 INFO     batch_size_eval     :50
2021-06-03 19:20:36 INFO     neg_sample_size     :100
2021-06-03 19:20:36 INFO     neg_deg_sample      :False
2021-06-03 19:20:36 INFO     neg_deg_sample_eval :False
2021-06-03 19:20:36 INFO     neg_sample_size_eval:1000
2021-06-03 19:20:36 INFO     eval_percent        :1
2021-06-03 19:20:36 INFO     no_eval_filter      :False
2021-06-03 19:20:36 INFO     log_interval        :1000
2021-06-03 19:20:36 INFO     eval_interval       :50000
2021-06-03 19:20:36 INFO     test                :True
2021-06-03 19:20:36 INFO     num_proc            :4
2021-06-03 19:20:36 INFO     num_thread          :4
2021-06-03 19:20:36 INFO     force_sync_interval :1000
2021-06-03 19:20:36 INFO     hidden_dim          :100
2021-06-03 19:20:36 INFO     lr                  :0.1
2021-06-03 19:20:36 INFO     gamma               :3.0
2021-06-03 19:20:36 INFO     double_ent          :True
2021-06-03 19:20:36 INFO     double_rel          :True
2021-06-03 19:20:36 INFO     neg_adversarial_sampling:True
2021-06-03 19:20:36 INFO     adversarial_temperature:1.0
2021-06-03 19:20:36 INFO     regularization_coef :1e-09
2021-06-03 19:20:36 INFO     regularization_norm :3
2021-06-03 19:20:36 INFO     pairwise            :False
2021-06-03 19:20:36 INFO     loss_genre          :Logsigmoid
2021-06-03 19:20:36 INFO     margin              :1.0
2021-06-03 19:20:36 INFO     gpu                 :[0, 1, 2, 3]
2021-06-03 19:20:36 INFO     mix_cpu_gpu         :True
2021-06-03 19:20:36 INFO     valid               :True
2021-06-03 19:20:36 INFO     rel_part            :False
2021-06-03 19:20:36 INFO     async_update        :True
2021-06-03 19:20:36 INFO     has_edge_importance :False
2021-06-03 19:20:36 INFO     print_on_screen     :True
2021-06-03 19:20:36 INFO     encoder_model_name  :concat
2021-06-03 19:20:36 INFO     mlp_lr              :0.0001
2021-06-03 19:20:36 INFO     seed                :0
2021-06-03 19:20:36 INFO     eval_filter         :True
2021-06-03 19:20:36 INFO     soft_rel_part       :False
2021-06-03 19:20:36 INFO     strict_rel_part     :False
2021-06-03 19:20:36 INFO     num_workers         :8
2021-06-03 19:20:36 INFO     num_test_proc       :4
2021-06-03 19:20:37 INFO     model_name          :ComplEx
2021-06-03 19:20:37 INFO     data_path           :data
2021-06-03 19:20:37 INFO     dataset             :wikikg90m
2021-06-03 19:20:37 INFO     format              :built_in
2021-06-03 19:20:37 INFO     data_files          :None
2021-06-03 19:20:37 INFO     delimiter           :	
2021-06-03 19:20:37 INFO     save_path           :./savedata/ComplEx_wikikg90m_concat_d_100_g_3.03
2021-06-03 19:20:37 INFO     no_save_emb         :True
2021-06-03 19:20:37 INFO     max_step            :1000000
2021-06-03 19:20:37 INFO     batch_size          :400
2021-06-03 19:20:37 INFO     batch_size_eval     :50
2021-06-03 19:20:37 INFO     neg_sample_size     :100
2021-06-03 19:20:37 INFO     neg_deg_sample      :False
2021-06-03 19:20:37 INFO     neg_deg_sample_eval :False
2021-06-03 19:20:37 INFO     neg_sample_size_eval:1000
2021-06-03 19:20:37 INFO     eval_percent        :1
2021-06-03 19:20:37 INFO     no_eval_filter      :False
2021-06-03 19:20:37 INFO     log_interval        :1000
2021-06-03 19:20:37 INFO     eval_interval       :50000
2021-06-03 19:20:37 INFO     test                :True
2021-06-03 19:20:37 INFO     num_proc            :4
2021-06-03 19:20:37 INFO     num_thread          :4
2021-06-03 19:20:37 INFO     force_sync_interval :1000
2021-06-03 19:20:37 INFO     hidden_dim          :100
2021-06-03 19:20:37 INFO     lr                  :0.1
2021-06-03 19:20:37 INFO     gamma               :3.0
2021-06-03 19:20:37 INFO     double_ent          :True
2021-06-03 19:20:37 INFO     double_rel          :True
2021-06-03 19:20:37 INFO     neg_adversarial_sampling:True
2021-06-03 19:20:37 INFO     adversarial_temperature:1.0
2021-06-03 19:20:37 INFO     regularization_coef :1e-09
2021-06-03 19:20:37 INFO     regularization_norm :3
2021-06-03 19:20:37 INFO     pairwise            :False
2021-06-03 19:20:37 INFO     loss_genre          :Logsigmoid
2021-06-03 19:20:37 INFO     margin              :1.0
2021-06-03 19:20:37 INFO     gpu                 :[0, 1, 2, 3]
2021-06-03 19:20:37 INFO     mix_cpu_gpu         :True
2021-06-03 19:20:37 INFO     valid               :True
2021-06-03 19:20:37 INFO     rel_part            :False
2021-06-03 19:20:37 INFO     async_update        :True
2021-06-03 19:20:37 INFO     has_edge_importance :False
2021-06-03 19:20:37 INFO     print_on_screen     :True
2021-06-03 19:20:37 INFO     encoder_model_name  :concat
2021-06-03 19:20:37 INFO     mlp_lr              :0.0001
2021-06-03 19:20:37 INFO     seed                :0
2021-06-03 19:20:37 INFO     eval_filter         :True
2021-06-03 19:20:37 INFO     soft_rel_part       :False
2021-06-03 19:20:37 INFO     strict_rel_part     :False
2021-06-03 19:20:37 INFO     num_workers         :8
2021-06-03 19:20:37 INFO     num_test_proc       :4
2021-06-03 19:20:37 INFO     model_name          :ComplEx
2021-06-03 19:20:37 INFO     data_path           :data
2021-06-03 19:20:37 INFO     dataset             :wikikg90m
2021-06-03 19:20:37 INFO     format              :built_in
2021-06-03 19:20:37 INFO     data_files          :None
2021-06-03 19:20:37 INFO     delimiter           :	
2021-06-03 19:20:37 INFO     save_path           :./savedata/ComplEx_wikikg90m_concat_d_100_g_3.03
2021-06-03 19:20:37 INFO     no_save_emb         :True
2021-06-03 19:20:37 INFO     max_step            :1000000
2021-06-03 19:20:37 INFO     batch_size          :400
2021-06-03 19:20:37 INFO     batch_size_eval     :50
2021-06-03 19:20:37 INFO     neg_sample_size     :100
2021-06-03 19:20:37 INFO     neg_deg_sample      :False
2021-06-03 19:20:37 INFO     neg_deg_sample_eval :False
2021-06-03 19:20:37 INFO     neg_sample_size_eval:1000
2021-06-03 19:20:37 INFO     eval_percent        :1
2021-06-03 19:20:37 INFO     no_eval_filter      :False
2021-06-03 19:20:37 INFO     log_interval        :1000
2021-06-03 19:20:37 INFO     eval_interval       :50000
2021-06-03 19:20:37 INFO     test                :True
2021-06-03 19:20:37 INFO     num_proc            :4
2021-06-03 19:20:37 INFO     num_thread          :4
2021-06-03 19:20:37 INFO     force_sync_interval :1000
2021-06-03 19:20:37 INFO     hidden_dim          :100
2021-06-03 19:20:37 INFO     lr                  :0.1
2021-06-03 19:20:37 INFO     gamma               :3.0
2021-06-03 19:20:37 INFO     double_ent          :True
2021-06-03 19:20:37 INFO     double_rel          :True
2021-06-03 19:20:37 INFO     neg_adversarial_sampling:True
2021-06-03 19:20:37 INFO     adversarial_temperature:1.0
2021-06-03 19:20:37 INFO     regularization_coef :1e-09
2021-06-03 19:20:37 INFO     regularization_norm :3
2021-06-03 19:20:37 INFO     pairwise            :False
2021-06-03 19:20:37 INFO     loss_genre          :Logsigmoid
2021-06-03 19:20:37 INFO     margin              :1.0
2021-06-03 19:20:37 INFO     gpu                 :[0, 1, 2, 3]
2021-06-03 19:20:37 INFO     mix_cpu_gpu         :True
2021-06-03 19:20:37 INFO     valid               :True
2021-06-03 19:20:37 INFO     rel_part            :False
2021-06-03 19:20:37 INFO     async_update        :True
2021-06-03 19:20:37 INFO     has_edge_importance :False
2021-06-03 19:20:37 INFO     print_on_screen     :True
2021-06-03 19:20:37 INFO     encoder_model_name  :concat
2021-06-03 19:20:37 INFO     mlp_lr              :0.0001
2021-06-03 19:20:37 INFO     seed                :0
2021-06-03 19:20:37 INFO     eval_filter         :True
2021-06-03 19:20:37 INFO     soft_rel_part       :False
2021-06-03 19:20:37 INFO     strict_rel_part     :False
2021-06-03 19:20:37 INFO     num_workers         :8
2021-06-03 19:20:37 INFO     num_test_proc       :4
